<?xml version="1.0" encoding="UTF-8"?>
<!-- Generated by org.testng.reporters.JUnitReportReporter -->
<testsuite hostname="LAPTOP-9ESAABJG" failures="0" tests="2" name="Runners._04_TestRunnerSmoke" time="35.808" errors="0" timestamp="2023-08-19T00:48:05 TRT" skipped="0">
  <testcase classname="Runners._04_TestRunnerSmoke" name="runScenario" time="17.753"/>
  <testcase classname="Runners._04_TestRunnerSmoke" name="runScenario" time="18.055"/>
</testsuite> <!-- Runners._04_TestRunnerSmoke -->
